<?xml version="1.0" encoding="UTF-8"?>
<Site BuildName="(empty)"
	BuildStamp="20221215-0429-Experimental"
	Name="fa2a076f34cb"
	Generator="ctest-3.22.1"
	CompilerName="/usr/bin/c++"
	CompilerVersion="11.3.0"
	OSName="Linux"
	Hostname="fa2a076f34cb"
	OSRelease="5.15.0-56-generic"
	OSVersion="#62-Ubuntu SMP Tue Nov 22 19:54:14 UTC 2022"
	OSPlatform="x86_64"
	Is64Bits="1"
	VendorString="AuthenticAMD"
	VendorID="Advanced Micro Devices"
	FamilyID="25"
	ModelID="80"
	ProcessorCacheSize="512"
	NumberOfLogicalCPU="16"
	NumberOfPhysicalCPU="8"
	TotalVirtualMemory="2047"
	TotalPhysicalMemory="15356"
	LogicalProcessorsPerPhysical="2"
	ProcessorClockFrequency="400"
	>
	<Testing>
		<StartDateTime>Dec 14 23:29 EST</StartDateTime>
		<StartTestTime>1671078564</StartTestTime>
		<TestList>
			<Test>./lint_cmake</Test>
			<Test>./xmllint</Test>
		</TestList>
		<Test Status="passed">
			<Name>lint_cmake</Name>
			<Path>.</Path>
			<FullName>./lint_cmake</FullName>
			<FullCommandLine>/usr/bin/python3.10 "-u" "/opt/ros/humble/share/ament_cmake_test/cmake/run_test.py" "/home/chotu/ros2_ws/src/ENPM_808X_FINAL/build/tutorial_interfaces/test_results/tutorial_interfaces/lint_cmake.xunit.xml" "--package-name" "tutorial_interfaces" "--output-file" "/home/chotu/ros2_ws/src/ENPM_808X_FINAL/build/tutorial_interfaces/ament_lint_cmake/lint_cmake.txt" "--command" "/opt/ros/humble/bin/ament_lint_cmake" "--xunit-file" "/home/chotu/ros2_ws/src/ENPM_808X_FINAL/build/tutorial_interfaces/test_results/tutorial_interfaces/lint_cmake.xunit.xml"</FullCommandLine>
			<Results>
				<NamedMeasurement type="numeric/double" name="Execution Time">
					<Value>0.0989521</Value>
				</NamedMeasurement>
				<NamedMeasurement type="numeric/double" name="Processors">
					<Value>1</Value>
				</NamedMeasurement>
				<NamedMeasurement type="text/string" name="Completion Status">
					<Value>Completed</Value>
				</NamedMeasurement>
				<NamedMeasurement type="text/string" name="Command Line">
					<Value>/usr/bin/python3.10 "-u" "/opt/ros/humble/share/ament_cmake_test/cmake/run_test.py" "/home/chotu/ros2_ws/src/ENPM_808X_FINAL/build/tutorial_interfaces/test_results/tutorial_interfaces/lint_cmake.xunit.xml" "--package-name" "tutorial_interfaces" "--output-file" "/home/chotu/ros2_ws/src/ENPM_808X_FINAL/build/tutorial_interfaces/ament_lint_cmake/lint_cmake.txt" "--command" "/opt/ros/humble/bin/ament_lint_cmake" "--xunit-file" "/home/chotu/ros2_ws/src/ENPM_808X_FINAL/build/tutorial_interfaces/test_results/tutorial_interfaces/lint_cmake.xunit.xml"</Value>
				</NamedMeasurement>
				<NamedMeasurement type="text/string" name="Environment">
					<Value>#CTEST_RESOURCE_GROUP_COUNT=</Value>
				</NamedMeasurement>
				<Measurement>
					<Value>-- run_test.py: invoking following command in '/home/chotu/ros2_ws/src/ENPM_808X_FINAL/tutorial_interfaces':
 - /opt/ros/humble/bin/ament_lint_cmake --xunit-file /home/chotu/ros2_ws/src/ENPM_808X_FINAL/build/tutorial_interfaces/test_results/tutorial_interfaces/lint_cmake.xunit.xml

No problems found
-- run_test.py: return code 0
-- run_test.py: verify result file '/home/chotu/ros2_ws/src/ENPM_808X_FINAL/build/tutorial_interfaces/test_results/tutorial_interfaces/lint_cmake.xunit.xml'
</Value>
				</Measurement>
			</Results>
			<Labels>
				<Label>lint_cmake</Label>
				<Label>linter</Label>
			</Labels>
		</Test>
		<Test Status="passed">
			<Name>xmllint</Name>
			<Path>.</Path>
			<FullName>./xmllint</FullName>
			<FullCommandLine>/usr/bin/python3.10 "-u" "/opt/ros/humble/share/ament_cmake_test/cmake/run_test.py" "/home/chotu/ros2_ws/src/ENPM_808X_FINAL/build/tutorial_interfaces/test_results/tutorial_interfaces/xmllint.xunit.xml" "--package-name" "tutorial_interfaces" "--output-file" "/home/chotu/ros2_ws/src/ENPM_808X_FINAL/build/tutorial_interfaces/ament_xmllint/xmllint.txt" "--command" "/opt/ros/humble/bin/ament_xmllint" "--xunit-file" "/home/chotu/ros2_ws/src/ENPM_808X_FINAL/build/tutorial_interfaces/test_results/tutorial_interfaces/xmllint.xunit.xml"</FullCommandLine>
			<Results>
				<NamedMeasurement type="numeric/double" name="Execution Time">
					<Value>0.507994</Value>
				</NamedMeasurement>
				<NamedMeasurement type="numeric/double" name="Processors">
					<Value>1</Value>
				</NamedMeasurement>
				<NamedMeasurement type="text/string" name="Completion Status">
					<Value>Completed</Value>
				</NamedMeasurement>
				<NamedMeasurement type="text/string" name="Command Line">
					<Value>/usr/bin/python3.10 "-u" "/opt/ros/humble/share/ament_cmake_test/cmake/run_test.py" "/home/chotu/ros2_ws/src/ENPM_808X_FINAL/build/tutorial_interfaces/test_results/tutorial_interfaces/xmllint.xunit.xml" "--package-name" "tutorial_interfaces" "--output-file" "/home/chotu/ros2_ws/src/ENPM_808X_FINAL/build/tutorial_interfaces/ament_xmllint/xmllint.txt" "--command" "/opt/ros/humble/bin/ament_xmllint" "--xunit-file" "/home/chotu/ros2_ws/src/ENPM_808X_FINAL/build/tutorial_interfaces/test_results/tutorial_interfaces/xmllint.xunit.xml"</Value>
				</NamedMeasurement>
				<NamedMeasurement type="text/string" name="Environment">
					<Value>#CTEST_RESOURCE_GROUP_COUNT=</Value>
				</NamedMeasurement>
				<Measurement>
					<Value>-- run_test.py: invoking following command in '/home/chotu/ros2_ws/src/ENPM_808X_FINAL/tutorial_interfaces':
 - /opt/ros/humble/bin/ament_xmllint --xunit-file /home/chotu/ros2_ws/src/ENPM_808X_FINAL/build/tutorial_interfaces/test_results/tutorial_interfaces/xmllint.xunit.xml
File 'package.xml' is valid

No problems found
-- run_test.py: return code 0
-- run_test.py: verify result file '/home/chotu/ros2_ws/src/ENPM_808X_FINAL/build/tutorial_interfaces/test_results/tutorial_interfaces/xmllint.xunit.xml'
</Value>
				</Measurement>
			</Results>
			<Labels>
				<Label>linter</Label>
				<Label>xmllint</Label>
			</Labels>
		</Test>
		<EndDateTime>Dec 14 23:29 EST</EndDateTime>
		<EndTestTime>1671078564</EndTestTime>
		<ElapsedMinutes>0</ElapsedMinutes>
	</Testing>
</Site>
