<?xml version="1.0" encoding="UTF-8"?>
<Site BuildName="(empty)"
	BuildStamp="20221215-0628-Experimental"
	Name="fa2a076f34cb"
	Generator="ctest-3.22.1"
	CompilerName="/usr/bin/c++"
	CompilerVersion="11.3.0"
	OSName="Linux"
	Hostname="fa2a076f34cb"
	OSRelease="5.15.0-56-generic"
	OSVersion="#62-Ubuntu SMP Tue Nov 22 19:54:14 UTC 2022"
	OSPlatform="x86_64"
	Is64Bits="1"
	VendorString="AuthenticAMD"
	VendorID="Advanced Micro Devices"
	FamilyID="25"
	ModelID="80"
	ProcessorCacheSize="512"
	NumberOfLogicalCPU="16"
	NumberOfPhysicalCPU="8"
	TotalVirtualMemory="2047"
	TotalPhysicalMemory="15356"
	LogicalProcessorsPerPhysical="2"
	ProcessorClockFrequency="400"
	>
	<Testing>
		<StartDateTime>Dec 15 01:28 EST</StartDateTime>
		<StartTestTime>1671085723</StartTestTime>
		<TestList>
			<Test>./tb3_test</Test>
			<Test>./pep257</Test>
		</TestList>
		<Test Status="failed">
			<Name>tb3_test</Name>
			<Path>.</Path>
			<FullName>./tb3_test</FullName>
			<FullCommandLine>/usr/bin/python3.10 "-u" "/opt/ros/humble/share/ament_cmake_test/cmake/run_test.py" "/home/chotu/ros2_ws/src/ENPM_808X_FINAL/build/tb3/test_results/tb3/tb3_test.gtest.xml" "--package-name" "tb3" "--output-file" "/home/chotu/ros2_ws/src/ENPM_808X_FINAL/build/tb3/ament_cmake_gtest/tb3_test.txt" "--command" "/home/chotu/ros2_ws/src/ENPM_808X_FINAL/build/tb3/tb3_test" "--gtest_output=xml:/home/chotu/ros2_ws/src/ENPM_808X_FINAL/build/tb3/test_results/tb3/tb3_test.gtest.xml"</FullCommandLine>
			<Results>
				<NamedMeasurement type="text/string" name="Exit Code">
					<Value>Timeout</Value>
				</NamedMeasurement>
				<NamedMeasurement type="text/string" name="Exit Value">
					<Value>0</Value>
				</NamedMeasurement>
				<NamedMeasurement type="numeric/double" name="Execution Time">
					<Value>60.06</Value>
				</NamedMeasurement>
				<NamedMeasurement type="numeric/double" name="Processors">
					<Value>1</Value>
				</NamedMeasurement>
				<NamedMeasurement type="text/string" name="Completion Status">
					<Value>Completed</Value>
				</NamedMeasurement>
				<NamedMeasurement type="text/string" name="Command Line">
					<Value>/usr/bin/python3.10 "-u" "/opt/ros/humble/share/ament_cmake_test/cmake/run_test.py" "/home/chotu/ros2_ws/src/ENPM_808X_FINAL/build/tb3/test_results/tb3/tb3_test.gtest.xml" "--package-name" "tb3" "--output-file" "/home/chotu/ros2_ws/src/ENPM_808X_FINAL/build/tb3/ament_cmake_gtest/tb3_test.txt" "--command" "/home/chotu/ros2_ws/src/ENPM_808X_FINAL/build/tb3/tb3_test" "--gtest_output=xml:/home/chotu/ros2_ws/src/ENPM_808X_FINAL/build/tb3/test_results/tb3/tb3_test.gtest.xml"</Value>
				</NamedMeasurement>
				<NamedMeasurement type="text/string" name="Environment">
					<Value>#CTEST_RESOURCE_GROUP_COUNT=</Value>
				</NamedMeasurement>
				<Measurement>
					<Value>-- run_test.py: invoking following command in '/home/chotu/ros2_ws/src/ENPM_808X_FINAL/build/tb3':
 - /home/chotu/ros2_ws/src/ENPM_808X_FINAL/build/tb3/tb3_test --gtest_output=xml:/home/chotu/ros2_ws/src/ENPM_808X_FINAL/build/tb3/test_results/tb3/tb3_test.gtest.xml
[==========] Running 1 test from 1 test suite.
[----------] Global test environment set-up.
[----------] 1 test from TaskPlanningFixture
[ RUN      ] TaskPlanningFixture.TrueIsTrueTest
[INFO] [1671085723.180330242] [basic_test]: DONE WITH CONSTRUCTOR!!
</Value>
				</Measurement>
			</Results>
			<Labels>
				<Label>gtest</Label>
			</Labels>
		</Test>
		<Test Status="passed">
			<Name>pep257</Name>
			<Path>.</Path>
			<FullName>./pep257</FullName>
			<FullCommandLine>/usr/bin/python3.10 "-u" "/opt/ros/humble/share/ament_cmake_test/cmake/run_test.py" "/home/chotu/ros2_ws/src/ENPM_808X_FINAL/build/tb3/test_results/tb3/pep257.xunit.xml" "--package-name" "tb3" "--output-file" "/home/chotu/ros2_ws/src/ENPM_808X_FINAL/build/tb3/ament_pep257/pep257.txt" "--command" "/opt/ros/humble/bin/ament_pep257" "--xunit-file" "/home/chotu/ros2_ws/src/ENPM_808X_FINAL/build/tb3/test_results/tb3/pep257.xunit.xml"</FullCommandLine>
			<Results>
				<NamedMeasurement type="numeric/double" name="Execution Time">
					<Value>0.145339</Value>
				</NamedMeasurement>
				<NamedMeasurement type="numeric/double" name="Processors">
					<Value>1</Value>
				</NamedMeasurement>
				<NamedMeasurement type="text/string" name="Completion Status">
					<Value>Completed</Value>
				</NamedMeasurement>
				<NamedMeasurement type="text/string" name="Command Line">
					<Value>/usr/bin/python3.10 "-u" "/opt/ros/humble/share/ament_cmake_test/cmake/run_test.py" "/home/chotu/ros2_ws/src/ENPM_808X_FINAL/build/tb3/test_results/tb3/pep257.xunit.xml" "--package-name" "tb3" "--output-file" "/home/chotu/ros2_ws/src/ENPM_808X_FINAL/build/tb3/ament_pep257/pep257.txt" "--command" "/opt/ros/humble/bin/ament_pep257" "--xunit-file" "/home/chotu/ros2_ws/src/ENPM_808X_FINAL/build/tb3/test_results/tb3/pep257.xunit.xml"</Value>
				</NamedMeasurement>
				<NamedMeasurement type="text/string" name="Environment">
					<Value>#CTEST_RESOURCE_GROUP_COUNT=</Value>
				</NamedMeasurement>
				<Measurement>
					<Value>-- run_test.py: invoking following command in '/home/chotu/ros2_ws/src/ENPM_808X_FINAL/ENPM_808X_FINAL':
 - /opt/ros/humble/bin/ament_pep257 --xunit-file /home/chotu/ros2_ws/src/ENPM_808X_FINAL/build/tb3/test_results/tb3/pep257.xunit.xml
checking ./launch/demo_launch.py
checking ./launch/gazebo.launch.py
checking ./launch/load_world_into_gazebo.launch.py
No problems found
-- run_test.py: return code 0
-- run_test.py: verify result file '/home/chotu/ros2_ws/src/ENPM_808X_FINAL/build/tb3/test_results/tb3/pep257.xunit.xml'
</Value>
				</Measurement>
			</Results>
			<Labels>
				<Label>linter</Label>
				<Label>pep257</Label>
			</Labels>
		</Test>
		<EndDateTime>Dec 15 01:29 EST</EndDateTime>
		<EndTestTime>1671085783</EndTestTime>
		<ElapsedMinutes>1</ElapsedMinutes>
	</Testing>
</Site>
