Start testing: Dec 14 23:29 EST
----------------------------------------------------------
1/2 Testing: lint_cmake
1/2 Test: lint_cmake
Command: "/usr/bin/python3.10" "-u" "/opt/ros/humble/share/ament_cmake_test/cmake/run_test.py" "/home/chotu/ros2_ws/src/ENPM_808X_FINAL/build/tutorial_interfaces/test_results/tutorial_interfaces/lint_cmake.xunit.xml" "--package-name" "tutorial_interfaces" "--output-file" "/home/chotu/ros2_ws/src/ENPM_808X_FINAL/build/tutorial_interfaces/ament_lint_cmake/lint_cmake.txt" "--command" "/opt/ros/humble/bin/ament_lint_cmake" "--xunit-file" "/home/chotu/ros2_ws/src/ENPM_808X_FINAL/build/tutorial_interfaces/test_results/tutorial_interfaces/lint_cmake.xunit.xml"
Directory: /home/chotu/ros2_ws/src/ENPM_808X_FINAL/tutorial_interfaces
"lint_cmake" start time: Dec 14 23:29 EST
Output:
----------------------------------------------------------
-- run_test.py: invoking following command in '/home/chotu/ros2_ws/src/ENPM_808X_FINAL/tutorial_interfaces':
 - /opt/ros/humble/bin/ament_lint_cmake --xunit-file /home/chotu/ros2_ws/src/ENPM_808X_FINAL/build/tutorial_interfaces/test_results/tutorial_interfaces/lint_cmake.xunit.xml

No problems found
-- run_test.py: return code 0
-- run_test.py: verify result file '/home/chotu/ros2_ws/src/ENPM_808X_FINAL/build/tutorial_interfaces/test_results/tutorial_interfaces/lint_cmake.xunit.xml'
<end of output>
Test time =   0.10 sec
----------------------------------------------------------
Test Passed.
"lint_cmake" end time: Dec 14 23:29 EST
"lint_cmake" time elapsed: 00:00:00
----------------------------------------------------------

2/2 Testing: xmllint
2/2 Test: xmllint
Command: "/usr/bin/python3.10" "-u" "/opt/ros/humble/share/ament_cmake_test/cmake/run_test.py" "/home/chotu/ros2_ws/src/ENPM_808X_FINAL/build/tutorial_interfaces/test_results/tutorial_interfaces/xmllint.xunit.xml" "--package-name" "tutorial_interfaces" "--output-file" "/home/chotu/ros2_ws/src/ENPM_808X_FINAL/build/tutorial_interfaces/ament_xmllint/xmllint.txt" "--command" "/opt/ros/humble/bin/ament_xmllint" "--xunit-file" "/home/chotu/ros2_ws/src/ENPM_808X_FINAL/build/tutorial_interfaces/test_results/tutorial_interfaces/xmllint.xunit.xml"
Directory: /home/chotu/ros2_ws/src/ENPM_808X_FINAL/tutorial_interfaces
"xmllint" start time: Dec 14 23:29 EST
Output:
----------------------------------------------------------
-- run_test.py: invoking following command in '/home/chotu/ros2_ws/src/ENPM_808X_FINAL/tutorial_interfaces':
 - /opt/ros/humble/bin/ament_xmllint --xunit-file /home/chotu/ros2_ws/src/ENPM_808X_FINAL/build/tutorial_interfaces/test_results/tutorial_interfaces/xmllint.xunit.xml
File 'package.xml' is valid

No problems found
-- run_test.py: return code 0
-- run_test.py: verify result file '/home/chotu/ros2_ws/src/ENPM_808X_FINAL/build/tutorial_interfaces/test_results/tutorial_interfaces/xmllint.xunit.xml'
<end of output>
Test time =   0.51 sec
----------------------------------------------------------
Test Passed.
"xmllint" end time: Dec 14 23:29 EST
"xmllint" time elapsed: 00:00:00
----------------------------------------------------------

End testing: Dec 14 23:29 EST

lint_cmake =   0.10 sec*proc

linter =   0.61 sec*proc

xmllint =   0.51 sec*proc

