In file included from [01m[K/opt/ros/humble/include/rclcpp/rclcpp/logging.hpp:24[m[K,
                 from [01m[K/opt/ros/humble/include/rclcpp/rclcpp/client.hpp:40[m[K,
                 from [01m[K/opt/ros/humble/include/rclcpp/rclcpp/callback_group.hpp:23[m[K,
                 from [01m[K/opt/ros/humble/include/rclcpp/rclcpp/any_executable.hpp:20[m[K,
                 from [01m[K/opt/ros/humble/include/rclcpp/rclcpp/memory_strategy.hpp:25[m[K,
                 from [01m[K/opt/ros/humble/include/rclcpp/rclcpp/memory_strategies.hpp:18[m[K,
                 from [01m[K/opt/ros/humble/include/rclcpp/rclcpp/executor_options.hpp:20[m[K,
                 from [01m[K/opt/ros/humble/include/rclcpp/rclcpp/executor.hpp:37[m[K,
                 from [01m[K/opt/ros/humble/include/rclcpp/rclcpp/executors/multi_threaded_executor.hpp:25[m[K,
                 from [01m[K/opt/ros/humble/include/rclcpp/rclcpp/executors.hpp:21[m[K,
                 from [01m[K/opt/ros/humble/include/rclcpp/rclcpp/rclcpp.hpp:155[m[K,
                 from [01m[K/home/chotu/ros2_ws/src/ENPM_808X_FINAL/ENPM_808X_FINAL/test/test.cpp:11[m[K:
[01m[K/home/chotu/ros2_ws/src/ENPM_808X_FINAL/ENPM_808X_FINAL/test/test.cpp:[m[K In lambda function:
[01m[K/home/chotu/ros2_ws/src/ENPM_808X_FINAL/ENPM_808X_FINAL/test/test.cpp:126:58:[m[K [01;31m[Kerror: [m[Kbase operand of â€˜[01m[K->[m[Kâ€™ has non-pointer type â€˜[01m[Kconst Odometry[m[Kâ€™ {aka â€˜[01m[Kconst nav_msgs::msg::Odometry_<std::allocator<void> >[m[Kâ€™}
  126 |     RCLCPP_INFO(node_->get_logger(), "I heard: '%f'", msg[01;31m[K->[m[Ktwist.twist.angular.z);
      |                                                          [01;31m[K^~[m[K
gmake[2]: *** [CMakeFiles/tb3_test.dir/build.make:76: CMakeFiles/tb3_test.dir/test/test.cpp.o] Error 1
gmake[1]: *** [CMakeFiles/Makefile2:616: CMakeFiles/tb3_test.dir/all] Error 2
gmake: *** [Makefile:146: all] Error 2
