[0.008s] Invoking command in '/home/chotu/ros2_ws/src/ENPM_808X_FINAL/build/tb3': CMAKE_PREFIX_PATH=/home/chotu/ros2_ws/src/ENPM_808X_FINAL/install/tutorial_interfaces:/home/chotu/ros2_ws/src/ENPM_808X_FINAL/install/tb3:/home/chotu/ros2_ws/src/ENPM_808X_FINAL/install/ros2_aruco:/opt/ros/humble LD_LIBRARY_PATH=/home/chotu/ros2_ws/src/ENPM_808X_FINAL/install/tutorial_interfaces/lib:/home/chotu/ros2_ws/src/ENPM_808X_FINAL/install/tb3/lib:/usr/lib/x86_64-linux-gnu/gazebo-11/plugins:/opt/ros/humble/opt/rviz_ogre_vendor/lib:/opt/ros/humble/lib/x86_64-linux-gnu:/opt/ros/humble/lib /usr/bin/cmake --build /home/chotu/ros2_ws/src/ENPM_808X_FINAL/build/tb3 -- -j16 -l16
[0.036s] [35m[1mConsolidate compiler generated dependencies of target tb3__rosidl_generator_c[0m
[0.036s] [35m[1mConsolidate compiler generated dependencies of target gtest_main[0m
[0.036s] [35m[1mConsolidate compiler generated dependencies of target gtest[0m
[0.036s] [35m[1mConsolidate compiler generated dependencies of target turtlebot_sim[0m
[0.042s] [  2%] Built target tb3__cpp
[0.043s] [ 10%] Built target tb3__rosidl_generator_c
[0.045s] [ 14%] Built target gtest_main
[0.045s] [ 18%] Built target gtest
[0.050s] [ 20%] Built target ament_cmake_python_copy_tb3
[0.050s] [ 22%] Built target turtlebot_sim
[0.050s] [35m[1mConsolidate compiler generated dependencies of target tb3__rosidl_typesupport_c[0m
[0.050s] [35m[1mConsolidate compiler generated dependencies of target tb3__rosidl_typesupport_cpp[0m
[0.050s] [35m[1mConsolidate compiler generated dependencies of target tb3__rosidl_typesupport_fastrtps_cpp[0m
[0.050s] [35m[1mConsolidate compiler generated dependencies of target tb3__rosidl_typesupport_introspection_cpp[0m
[0.050s] [35m[1mConsolidate compiler generated dependencies of target tb3__rosidl_typesupport_introspection_c[0m
[0.051s] [35m[1mConsolidate compiler generated dependencies of target tb3__rosidl_typesupport_fastrtps_c[0m
[0.054s] [35m[1mConsolidate compiler generated dependencies of target tb3_test[0m
[0.057s] [ 30%] Built target tb3__rosidl_typesupport_c
[0.058s] [ 38%] Built target tb3__rosidl_typesupport_introspection_c
[0.059s] [ 48%] Built target tb3__rosidl_typesupport_introspection_cpp
[0.059s] [ 55%] Built target tb3__rosidl_typesupport_fastrtps_cpp
[0.059s] [ 63%] Built target tb3__rosidl_typesupport_cpp
[0.063s] [ 71%] Built target tb3__rosidl_typesupport_fastrtps_c
[0.066s] [35m[1mConsolidate compiler generated dependencies of target tb3G[0m
[0.068s] [ 73%] [32mBuilding CXX object CMakeFiles/tb3_test.dir/test/test.cpp.o[0m
[0.075s] [ 73%] Built target tb3
[0.079s] [ 77%] Built target tb3G
[0.088s] [ 79%] Built target tb3__py
[0.096s] [35m[1mConsolidate compiler generated dependencies of target tb3__rosidl_generator_py[0m
[0.106s] [ 85%] Built target tb3__rosidl_generator_py
[0.113s] [35m[1mConsolidate compiler generated dependencies of target tb3__rosidl_typesupport_c__pyext[0m
[0.113s] [35m[1mConsolidate compiler generated dependencies of target tb3__rosidl_typesupport_introspection_c__pyext[0m
[0.113s] [35m[1mConsolidate compiler generated dependencies of target tb3__rosidl_typesupport_fastrtps_c__pyext[0m
[0.122s] [ 97%] Built target tb3__rosidl_typesupport_introspection_c__pyext
[0.122s] [ 97%] Built target tb3__rosidl_typesupport_c__pyext
[0.122s] [ 97%] Built target tb3__rosidl_typesupport_fastrtps_c__pyext
[0.210s] running egg_info
[0.211s] writing tb3.egg-info/PKG-INFO
[0.211s] writing dependency_links to tb3.egg-info/dependency_links.txt
[0.211s] writing top-level names to tb3.egg-info/top_level.txt
[0.213s] reading manifest file 'tb3.egg-info/SOURCES.txt'
[0.213s] writing manifest file 'tb3.egg-info/SOURCES.txt'
[0.238s] [ 97%] Built target ament_cmake_python_build_tb3_egg
[2.077s] In file included from [01m[K/opt/ros/humble/include/rclcpp/rclcpp/logging.hpp:24[m[K,
[2.077s]                  from [01m[K/opt/ros/humble/include/rclcpp/rclcpp/client.hpp:40[m[K,
[2.077s]                  from [01m[K/opt/ros/humble/include/rclcpp/rclcpp/callback_group.hpp:23[m[K,
[2.077s]                  from [01m[K/opt/ros/humble/include/rclcpp/rclcpp/any_executable.hpp:20[m[K,
[2.077s]                  from [01m[K/opt/ros/humble/include/rclcpp/rclcpp/memory_strategy.hpp:25[m[K,
[2.077s]                  from [01m[K/opt/ros/humble/include/rclcpp/rclcpp/memory_strategies.hpp:18[m[K,
[2.077s]                  from [01m[K/opt/ros/humble/include/rclcpp/rclcpp/executor_options.hpp:20[m[K,
[2.077s]                  from [01m[K/opt/ros/humble/include/rclcpp/rclcpp/executor.hpp:37[m[K,
[2.077s]                  from [01m[K/opt/ros/humble/include/rclcpp/rclcpp/executors/multi_threaded_executor.hpp:25[m[K,
[2.077s]                  from [01m[K/opt/ros/humble/include/rclcpp/rclcpp/executors.hpp:21[m[K,
[2.077s]                  from [01m[K/opt/ros/humble/include/rclcpp/rclcpp/rclcpp.hpp:155[m[K,
[2.077s]                  from [01m[K/home/chotu/ros2_ws/src/ENPM_808X_FINAL/ENPM_808X_FINAL/test/test.cpp:11[m[K:
[2.077s] [01m[K/home/chotu/ros2_ws/src/ENPM_808X_FINAL/ENPM_808X_FINAL/test/test.cpp:[m[K In lambda function:
[2.077s] [01m[K/home/chotu/ros2_ws/src/ENPM_808X_FINAL/ENPM_808X_FINAL/test/test.cpp:126:58:[m[K [01;31m[Kerror: [m[Kbase operand of â€˜[01m[K->[m[Kâ€™ has non-pointer type â€˜[01m[Kconst Odometry[m[Kâ€™ {aka â€˜[01m[Kconst nav_msgs::msg::Odometry_<std::allocator<void> >[m[Kâ€™}
[2.077s]   126 |     RCLCPP_INFO(node_->get_logger(), "I heard: '%f'", msg[01;31m[K->[m[Ktwist.twist.angular.z);
[2.077s]       |                                                          [01;31m[K^~[m[K
[4.566s] gmake[2]: *** [CMakeFiles/tb3_test.dir/build.make:76: CMakeFiles/tb3_test.dir/test/test.cpp.o] Error 1
[4.567s] gmake[1]: *** [CMakeFiles/Makefile2:616: CMakeFiles/tb3_test.dir/all] Error 2
[4.567s] gmake: *** [Makefile:146: all] Error 2
[4.568s] Invoked command in '/home/chotu/ros2_ws/src/ENPM_808X_FINAL/build/tb3' returned '2': CMAKE_PREFIX_PATH=/home/chotu/ros2_ws/src/ENPM_808X_FINAL/install/tutorial_interfaces:/home/chotu/ros2_ws/src/ENPM_808X_FINAL/install/tb3:/home/chotu/ros2_ws/src/ENPM_808X_FINAL/install/ros2_aruco:/opt/ros/humble LD_LIBRARY_PATH=/home/chotu/ros2_ws/src/ENPM_808X_FINAL/install/tutorial_interfaces/lib:/home/chotu/ros2_ws/src/ENPM_808X_FINAL/install/tb3/lib:/usr/lib/x86_64-linux-gnu/gazebo-11/plugins:/opt/ros/humble/opt/rviz_ogre_vendor/lib:/opt/ros/humble/lib/x86_64-linux-gnu:/opt/ros/humble/lib /usr/bin/cmake --build /home/chotu/ros2_ws/src/ENPM_808X_FINAL/build/tb3 -- -j16 -l16
