[0.008s] Invoking command in '/home/chotu/ros2_ws/src/ENPM_808X_FINAL/build/tb3': CMAKE_PREFIX_PATH=/home/chotu/ros2_ws/src/ENPM_808X_FINAL/install/tutorial_interfaces:/home/chotu/ros2_ws/src/ENPM_808X_FINAL/install/tb3:/home/chotu/ros2_ws/src/ENPM_808X_FINAL/install/ros2_aruco:/opt/ros/humble LD_LIBRARY_PATH=/home/chotu/ros2_ws/src/ENPM_808X_FINAL/install/tutorial_interfaces/lib:/home/chotu/ros2_ws/src/ENPM_808X_FINAL/install/tb3/lib:/usr/lib/x86_64-linux-gnu/gazebo-11/plugins:/opt/ros/humble/opt/rviz_ogre_vendor/lib:/opt/ros/humble/lib/x86_64-linux-gnu:/opt/ros/humble/lib /usr/bin/cmake --build /home/chotu/ros2_ws/src/ENPM_808X_FINAL/build/tb3 -- -j16 -l16
[0.035s] -- Found ament_cmake: 1.3.3 (/opt/ros/humble/share/ament_cmake/cmake)
[0.146s] -- Found rclcpp: 16.0.2 (/opt/ros/humble/share/rclcpp/cmake)
[0.187s] -- Found rosidl_generator_c: 3.1.4 (/opt/ros/humble/share/rosidl_generator_c/cmake)
[0.189s] -- Found rosidl_adapter: 3.1.4 (/opt/ros/humble/share/rosidl_adapter/cmake)
[0.195s] -- Found rosidl_generator_cpp: 3.1.4 (/opt/ros/humble/share/rosidl_generator_cpp/cmake)
[0.207s] -- Using all available rosidl_typesupport_c: rosidl_typesupport_fastrtps_c;rosidl_typesupport_introspection_c
[0.221s] -- Using all available rosidl_typesupport_cpp: rosidl_typesupport_fastrtps_cpp;rosidl_typesupport_introspection_cpp
[0.270s] -- Found rmw_implementation_cmake: 6.1.1 (/opt/ros/humble/share/rmw_implementation_cmake/cmake)
[0.271s] -- Found rmw_fastrtps_cpp: 6.2.2 (/opt/ros/humble/share/rmw_fastrtps_cpp/cmake)
[0.386s] -- Using RMW implementation 'rmw_fastrtps_cpp' as default
[0.507s] -- Found nav_msgs: 4.2.2 (/opt/ros/humble/share/nav_msgs/cmake)
[0.598s] -- Found tf2: 0.25.1 (/opt/ros/humble/share/tf2/cmake)
[0.605s] -- Found tf2_ros: 0.25.1 (/opt/ros/humble/share/tf2_ros/cmake)
[0.849s] -- Found sensor_msgs: 4.2.2 (/opt/ros/humble/share/sensor_msgs/cmake)
[0.907s] -- Found rosidl_default_generators: 1.2.0 (/opt/ros/humble/share/rosidl_default_generators/cmake)
[1.105s] -- Found ament_cmake_ros: 0.10.0 (/opt/ros/humble/share/ament_cmake_ros/cmake)
[1.339s] -- Using all available rosidl_typesupport_c: rosidl_typesupport_fastrtps_c;rosidl_typesupport_introspection_c
[1.429s] -- Using all available rosidl_typesupport_cpp: rosidl_typesupport_fastrtps_cpp;rosidl_typesupport_introspection_cpp
[1.444s] -- Found python_cmake_module: 0.10.0 (/opt/ros/humble/share/python_cmake_module/cmake)
[1.459s] -- Using PYTHON_EXECUTABLE: /usr/bin/python3
[1.459s] -- Using PYTHON_INCLUDE_DIRS: /usr/include/python3.10
[1.459s] -- Using PYTHON_LIBRARIES: /usr/lib/x86_64-linux-gnu/libpython3.10.so
[1.479s] -- Found ament_lint_auto: 0.12.4 (/opt/ros/humble/share/ament_lint_auto/cmake)
[1.480s] -- Found tutorial_interfaces: 0.0.0 (/home/chotu/ros2_ws/src/ENPM_808X_FINAL/install/tutorial_interfaces/share/tutorial_interfaces/cmake)
[1.539s] -- Found gtest sources under '/opt/ros/humble/src/gtest_vendor': C++ tests using 'Google Test' will be built
[1.553s] -- Added test 'pep257' to check Python code against some of the docstring style conventions in PEP 257
[1.555s] -- Configuring done
[1.559s] [33mCMake Warning (dev) at /opt/ros/humble/share/ament_cmake_gtest/cmake/ament_add_gtest_executable.cmake:50 (add_executable):
[1.559s]   Policy CMP0115 is not set: Source file extensions must be explicit.  Run
[1.559s]   "cmake --help-policy CMP0115" for policy details.  Use the cmake_policy
[1.559s]   command to set the policy and suppress this warning.
[1.560s] 
[1.560s]   File:
[1.560s] 
[1.560s]     /home/chotu/ros2_ws/src/ENPM_808X_FINAL/ENPM_808X_FINAL/test/controller_test.cpp
[1.560s] Call Stack (most recent call first):
[1.560s]   /opt/ros/humble/share/ament_cmake_gtest/cmake/ament_add_gtest_executable.cmake:37 (_ament_add_gtest_executable)
[1.560s]   /opt/ros/humble/share/ament_cmake_gtest/cmake/ament_add_gtest.cmake:68 (ament_add_gtest_executable)
[1.560s]   CMakeLists.txt:80 (ament_add_gtest)
[1.560s] This warning is for project developers.  Use -Wno-dev to suppress it.
[1.560s] [0m
[1.604s] -- Generating done
[1.607s] -- Build files have been written to: /home/chotu/ros2_ws/src/ENPM_808X_FINAL/build/tb3
[1.631s] [35m[1mConsolidate compiler generated dependencies of target gtest_main[0m
[1.631s] [35m[1mConsolidate compiler generated dependencies of target tb3__rosidl_generator_c[0m
[1.631s] [35m[1mConsolidate compiler generated dependencies of target gtest[0m
[1.631s] [35m[1mConsolidate compiler generated dependencies of target turtlebot_sim[0m
[1.637s] [  2%] Built target tb3__cpp
[1.638s] [ 10%] Built target tb3__rosidl_generator_c
[1.639s] [ 14%] Built target gtest_main
[1.642s] [ 18%] Built target gtest
[1.645s] [35m[1mConsolidate compiler generated dependencies of target tb3__rosidl_typesupport_c[0m
[1.645s] [ 20%] Built target ament_cmake_python_copy_tb3
[1.645s] [ 22%] Built target turtlebot_sim
[1.645s] [35m[1mConsolidate compiler generated dependencies of target tb3__rosidl_typesupport_cpp[0m
[1.645s] [35m[1mConsolidate compiler generated dependencies of target tb3__rosidl_typesupport_fastrtps_cpp[0m
[1.646s] [35m[1mConsolidate compiler generated dependencies of target tb3__rosidl_typesupport_introspection_cpp[0m
[1.646s] [35m[1mConsolidate compiler generated dependencies of target tb3__rosidl_typesupport_introspection_c[0m
[1.646s] [35m[1mConsolidate compiler generated dependencies of target tb3__rosidl_typesupport_fastrtps_c[0m
[1.653s] [35m[1mConsolidate compiler generated dependencies of target tb3_test[0m
[1.653s] [ 32%] Built target tb3__rosidl_typesupport_c
[1.653s] [ 38%] Built target tb3__rosidl_typesupport_introspection_c
[1.655s] [ 62%] Built target tb3__rosidl_typesupport_fastrtps_cpp
[1.655s] [ 62%] Built target tb3__rosidl_typesupport_fastrtps_c
[1.655s] [ 62%] Built target tb3__rosidl_typesupport_introspection_cpp
[1.656s] [ 70%] Built target tb3__rosidl_typesupport_cpp
[1.664s] [35m[1mConsolidate compiler generated dependencies of target tb3G[0m
[1.668s] [ 72%] [32m[1mLinking CXX executable tb3_test[0m
[1.669s] [ 72%] Built target tb3
[1.676s] [ 76%] Built target tb3G
[1.682s] [ 78%] Built target tb3__py
[1.693s] [35m[1mConsolidate compiler generated dependencies of target tb3__rosidl_generator_py[0m
[1.707s] [ 84%] Built target tb3__rosidl_generator_py
[1.717s] [35m[1mConsolidate compiler generated dependencies of target tb3__rosidl_typesupport_introspection_c__pyext[0m
[1.717s] [35m[1mConsolidate compiler generated dependencies of target tb3__rosidl_typesupport_c__pyext[0m
[1.717s] [35m[1mConsolidate compiler generated dependencies of target tb3__rosidl_typesupport_fastrtps_c__pyext[0m
[1.727s] [ 96%] Built target tb3__rosidl_typesupport_introspection_c__pyext
[1.727s] [ 96%] Built target tb3__rosidl_typesupport_fastrtps_c__pyext
[1.727s] [ 96%] Built target tb3__rosidl_typesupport_c__pyext
[1.751s] /usr/bin/ld: CMakeFiles/tb3_test.dir/test/controller_test.cpp.o:(.bss+0x0): multiple definition of `TaskPlanningFixture_TrueIsTrueTest_Test::test_info_'; CMakeFiles/tb3_test.dir/test/test.cpp.o:(.bss+0x0): first defined here
[1.752s] /usr/bin/ld: CMakeFiles/tb3_test.dir/test/controller_test.cpp.o: in function `TaskPlanningFixture_TrueIsTrueTest_Test::TestBody()':
[1.752s] controller_test.cpp:(.text+0x2c8): multiple definition of `TaskPlanningFixture_TrueIsTrueTest_Test::TestBody()'; CMakeFiles/tb3_test.dir/test/test.cpp.o:test.cpp:(.text+0x2c8): first defined here
[1.753s] /usr/bin/ld: CMakeFiles/tb3_test.dir/test/controller_test.cpp.o: in function `main':
[1.753s] controller_test.cpp:(.text+0x8fa): multiple definition of `main'; CMakeFiles/tb3_test.dir/test/test.cpp.o:test.cpp:(.text+0x8fa): first defined here
[1.845s] running egg_info
[1.846s] writing tb3.egg-info/PKG-INFO
[1.846s] writing dependency_links to tb3.egg-info/dependency_links.txt
[1.846s] writing top-level names to tb3.egg-info/top_level.txt
[1.850s] reading manifest file 'tb3.egg-info/SOURCES.txt'
[1.851s] writing manifest file 'tb3.egg-info/SOURCES.txt'
[1.935s] [ 96%] Built target ament_cmake_python_build_tb3_egg
[2.428s] collect2: error: ld returned 1 exit status
[2.429s] gmake[2]: *** [CMakeFiles/tb3_test.dir/build.make:239: tb3_test] Error 1
[2.429s] gmake[1]: *** [CMakeFiles/Makefile2:616: CMakeFiles/tb3_test.dir/all] Error 2
[2.429s] gmake: *** [Makefile:146: all] Error 2
[2.431s] Invoked command in '/home/chotu/ros2_ws/src/ENPM_808X_FINAL/build/tb3' returned '2': CMAKE_PREFIX_PATH=/home/chotu/ros2_ws/src/ENPM_808X_FINAL/install/tutorial_interfaces:/home/chotu/ros2_ws/src/ENPM_808X_FINAL/install/tb3:/home/chotu/ros2_ws/src/ENPM_808X_FINAL/install/ros2_aruco:/opt/ros/humble LD_LIBRARY_PATH=/home/chotu/ros2_ws/src/ENPM_808X_FINAL/install/tutorial_interfaces/lib:/home/chotu/ros2_ws/src/ENPM_808X_FINAL/install/tb3/lib:/usr/lib/x86_64-linux-gnu/gazebo-11/plugins:/opt/ros/humble/opt/rviz_ogre_vendor/lib:/opt/ros/humble/lib/x86_64-linux-gnu:/opt/ros/humble/lib /usr/bin/cmake --build /home/chotu/ros2_ws/src/ENPM_808X_FINAL/build/tb3 -- -j16 -l16
