[33mCMake Warning (dev) at /opt/ros/humble/share/ament_cmake_gtest/cmake/ament_add_gtest_executable.cmake:50 (add_executable):
  Policy CMP0115 is not set: Source file extensions must be explicit.  Run
  "cmake --help-policy CMP0115" for policy details.  Use the cmake_policy
  command to set the policy and suppress this warning.

  File:

    /home/chotu/ros2_ws/src/ENPM_808X_FINAL/ENPM_808X_FINAL/test/controller_test.cpp
Call Stack (most recent call first):
  /opt/ros/humble/share/ament_cmake_gtest/cmake/ament_add_gtest_executable.cmake:37 (_ament_add_gtest_executable)
  /opt/ros/humble/share/ament_cmake_gtest/cmake/ament_add_gtest.cmake:68 (ament_add_gtest_executable)
  CMakeLists.txt:80 (ament_add_gtest)
This warning is for project developers.  Use -Wno-dev to suppress it.
[0m
In file included from [01m[K/home/chotu/ros2_ws/src/ENPM_808X_FINAL/ENPM_808X_FINAL/test/controller_test.cpp:16[m[K:
[01m[K/home/chotu/ros2_ws/src/ENPM_808X_FINAL/ENPM_808X_FINAL/test/../include/tb3/tb3controller.hpp:[m[K In constructor â€˜[01m[Ktb3::tb3(std::string, std::string, bool, double, double, bool)[m[Kâ€™:
[01m[K/home/chotu/ros2_ws/src/ENPM_808X_FINAL/ENPM_808X_FINAL/test/../include/tb3/tb3controller.hpp:133:17:[m[K [01;35m[Kwarning: [m[Kâ€˜[01m[Ktb3::m_robot_name[m[Kâ€™ will be initialized after [[01;35m[K]8;;https://gcc.gnu.org/onlinedocs/gcc/Warning-Options.html#index-Wreorder-Wreorder]8;;[m[K]
  133 |     std::string [01;35m[Km_robot_name[m[K;
      |                 [01;35m[K^~~~~~~~~~~~[m[K
[01m[K/home/chotu/ros2_ws/src/ENPM_808X_FINAL/ENPM_808X_FINAL/test/../include/tb3/tb3controller.hpp:131:12:[m[K [01;35m[Kwarning: [m[K  â€˜[01m[Kdouble tb3::m_goal_x[m[Kâ€™ [[01;35m[K]8;;https://gcc.gnu.org/onlinedocs/gcc/Warning-Options.html#index-Wreorder-Wreorder]8;;[m[K]
  131 |     double [01;35m[Km_goal_x[m[K = 5.0;
      |            [01;35m[K^~~~~~~~[m[K
In file included from [01m[K/home/chotu/ros2_ws/src/ENPM_808X_FINAL/ENPM_808X_FINAL/test/controller_test.cpp:16[m[K:
[01m[K/home/chotu/ros2_ws/src/ENPM_808X_FINAL/ENPM_808X_FINAL/test/../include/tb3/tb3controller.hpp:49:3:[m[K [01;35m[Kwarning: [m[K  when initialized here [[01;35m[K]8;;https://gcc.gnu.org/onlinedocs/gcc/Warning-Options.html#index-Wreorder-Wreorder]8;;[m[K]
   49 |   [01;35m[Ktb3[m[K(std::string node_name = "tb3",
      |   [01;35m[K^~~[m[K
In file included from [01m[K/home/chotu/ros2_ws/src/ENPM_808X_FINAL/ENPM_808X_FINAL/test/controller_test.cpp:16[m[K:
[01m[K/home/chotu/ros2_ws/src/ENPM_808X_FINAL/ENPM_808X_FINAL/test/../include/tb3/tb3controller.hpp:146:10:[m[K [01;35m[Kwarning: [m[Kâ€˜[01m[Ktb3::m_go_to_goal[m[Kâ€™ will be initialized after [[01;35m[K]8;;https://gcc.gnu.org/onlinedocs/gcc/Warning-Options.html#index-Wreorder-Wreorder]8;;[m[K]
  146 |     bool [01;35m[Km_go_to_goal[m[K;
      |          [01;35m[K^~~~~~~~~~~~[m[K
[01m[K/home/chotu/ros2_ws/src/ENPM_808X_FINAL/ENPM_808X_FINAL/test/../include/tb3/tb3controller.hpp:134:12:[m[K [01;35m[Kwarning: [m[K  â€˜[01m[Kdouble tb3::m_linear_speed[m[Kâ€™ [[01;35m[K]8;;https://gcc.gnu.org/onlinedocs/gcc/Warning-Options.html#index-Wreorder-Wreorder]8;;[m[K]
  134 |     double [01;35m[Km_linear_speed[m[K;
      |            [01;35m[K^~~~~~~~~~~~~~[m[K
In file included from [01m[K/home/chotu/ros2_ws/src/ENPM_808X_FINAL/ENPM_808X_FINAL/test/controller_test.cpp:16[m[K:
[01m[K/home/chotu/ros2_ws/src/ENPM_808X_FINAL/ENPM_808X_FINAL/test/../include/tb3/tb3controller.hpp:49:3:[m[K [01;35m[Kwarning: [m[K  when initialized here [[01;35m[K]8;;https://gcc.gnu.org/onlinedocs/gcc/Warning-Options.html#index-Wreorder-Wreorder]8;;[m[K]
   49 |   [01;35m[Ktb3[m[K(std::string node_name = "tb3",
      |   [01;35m[K^~~[m[K
In file included from [01m[K/home/chotu/ros2_ws/src/ENPM_808X_FINAL/ENPM_808X_FINAL/test/controller_test.cpp:16[m[K:
[01m[K/home/chotu/ros2_ws/src/ENPM_808X_FINAL/ENPM_808X_FINAL/test/../include/tb3/tb3controller.hpp:147:10:[m[K [01;35m[Kwarning: [m[Kâ€˜[01m[Ktb3::m_go_to_angle[m[Kâ€™ will be initialized after [[01;35m[K]8;;https://gcc.gnu.org/onlinedocs/gcc/Warning-Options.html#index-Wreorder-Wreorder]8;;[m[K]
  147 |     bool [01;35m[Km_go_to_angle[m[K;
      |          [01;35m[K^~~~~~~~~~~~~[m[K
[01m[K/home/chotu/ros2_ws/src/ENPM_808X_FINAL/ENPM_808X_FINAL/test/../include/tb3/tb3controller.hpp:141:12:[m[K [01;35m[Kwarning: [m[K  â€˜[01m[Kdouble tb3::m_distance_to_goal[m[Kâ€™ [[01;35m[K]8;;https://gcc.gnu.org/onlinedocs/gcc/Warning-Options.html#index-Wreorder-Wreorder]8;;[m[K]
  141 |     double [01;35m[Km_distance_to_goal[m[K;
      |            [01;35m[K^~~~~~~~~~~~~~~~~~[m[K
In file included from [01m[K/home/chotu/ros2_ws/src/ENPM_808X_FINAL/ENPM_808X_FINAL/test/controller_test.cpp:16[m[K:
[01m[K/home/chotu/ros2_ws/src/ENPM_808X_FINAL/ENPM_808X_FINAL/test/../include/tb3/tb3controller.hpp:49:3:[m[K [01;35m[Kwarning: [m[K  when initialized here [[01;35m[K]8;;https://gcc.gnu.org/onlinedocs/gcc/Warning-Options.html#index-Wreorder-Wreorder]8;;[m[K]
   49 |   [01;35m[Ktb3[m[K(std::string node_name = "tb3",
      |   [01;35m[K^~~[m[K
[01m[K/home/chotu/ros2_ws/src/ENPM_808X_FINAL/ENPM_808X_FINAL/test/../include/tb3/tb3controller.hpp:81:14:[m[K [01;35m[Kwarning: [m[Kunused variable â€˜[01m[Kpose_topic_name[m[Kâ€™ [[01;35m[K]8;;https://gcc.gnu.org/onlinedocs/gcc/Warning-Options.html#index-Wunused-variable-Wunused-variable]8;;[m[K]
   81 |         auto [01;35m[Kpose_topic_name[m[K = "/odom";
      |              [01;35m[K^~~~~~~~~~~~~~~[m[K
/usr/bin/ld: CMakeFiles/tb3_test.dir/test/controller_test.cpp.o:(.bss+0x0): multiple definition of `TaskPlanningFixture_TrueIsTrueTest_Test::test_info_'; CMakeFiles/tb3_test.dir/test/test.cpp.o:(.bss+0x0): first defined here
/usr/bin/ld: CMakeFiles/tb3_test.dir/test/controller_test.cpp.o: in function `TaskPlanningFixture_TrueIsTrueTest_Test::TestBody()':
controller_test.cpp:(.text+0x2c8): multiple definition of `TaskPlanningFixture_TrueIsTrueTest_Test::TestBody()'; CMakeFiles/tb3_test.dir/test/test.cpp.o:test.cpp:(.text+0x2c8): first defined here
/usr/bin/ld: CMakeFiles/tb3_test.dir/test/controller_test.cpp.o: in function `main':
controller_test.cpp:(.text+0x8fa): multiple definition of `main'; CMakeFiles/tb3_test.dir/test/test.cpp.o:test.cpp:(.text+0x8fa): first defined here
collect2: error: ld returned 1 exit status
gmake[2]: *** [CMakeFiles/tb3_test.dir/build.make:239: tb3_test] Error 1
gmake[1]: *** [CMakeFiles/Makefile2:616: CMakeFiles/tb3_test.dir/all] Error 2
gmake: *** [Makefile:146: all] Error 2
