-- Found ament_cmake: 1.3.3 (/opt/ros/humble/share/ament_cmake/cmake)
-- Found rclcpp: 16.0.2 (/opt/ros/humble/share/rclcpp/cmake)
-- Found rosidl_generator_c: 3.1.4 (/opt/ros/humble/share/rosidl_generator_c/cmake)
-- Found rosidl_adapter: 3.1.4 (/opt/ros/humble/share/rosidl_adapter/cmake)
-- Found rosidl_generator_cpp: 3.1.4 (/opt/ros/humble/share/rosidl_generator_cpp/cmake)
-- Using all available rosidl_typesupport_c: rosidl_typesupport_fastrtps_c;rosidl_typesupport_introspection_c
-- Using all available rosidl_typesupport_cpp: rosidl_typesupport_fastrtps_cpp;rosidl_typesupport_introspection_cpp
-- Found rmw_implementation_cmake: 6.1.1 (/opt/ros/humble/share/rmw_implementation_cmake/cmake)
-- Found rmw_fastrtps_cpp: 6.2.2 (/opt/ros/humble/share/rmw_fastrtps_cpp/cmake)
-- Using RMW implementation 'rmw_fastrtps_cpp' as default
-- Found nav_msgs: 4.2.2 (/opt/ros/humble/share/nav_msgs/cmake)
-- Found tf2: 0.25.1 (/opt/ros/humble/share/tf2/cmake)
-- Found tf2_ros: 0.25.1 (/opt/ros/humble/share/tf2_ros/cmake)
-- Found sensor_msgs: 4.2.2 (/opt/ros/humble/share/sensor_msgs/cmake)
-- Found rosidl_default_generators: 1.2.0 (/opt/ros/humble/share/rosidl_default_generators/cmake)
-- Found ament_cmake_ros: 0.10.0 (/opt/ros/humble/share/ament_cmake_ros/cmake)
-- Using all available rosidl_typesupport_c: rosidl_typesupport_fastrtps_c;rosidl_typesupport_introspection_c
-- Using all available rosidl_typesupport_cpp: rosidl_typesupport_fastrtps_cpp;rosidl_typesupport_introspection_cpp
-- Found python_cmake_module: 0.10.0 (/opt/ros/humble/share/python_cmake_module/cmake)
-- Using PYTHON_EXECUTABLE: /usr/bin/python3
-- Using PYTHON_INCLUDE_DIRS: /usr/include/python3.10
-- Using PYTHON_LIBRARIES: /usr/lib/x86_64-linux-gnu/libpython3.10.so
-- Found ament_lint_auto: 0.12.4 (/opt/ros/humble/share/ament_lint_auto/cmake)
-- Found tutorial_interfaces: 0.0.0 (/home/chotu/ros2_ws/src/ENPM_808X_FINAL/install/tutorial_interfaces/share/tutorial_interfaces/cmake)
-- Found gtest sources under '/opt/ros/humble/src/gtest_vendor': C++ tests using 'Google Test' will be built
-- Added test 'pep257' to check Python code against some of the docstring style conventions in PEP 257
-- Configuring done
[33mCMake Warning (dev) at /opt/ros/humble/share/ament_cmake_gtest/cmake/ament_add_gtest_executable.cmake:50 (add_executable):
  Policy CMP0115 is not set: Source file extensions must be explicit.  Run
  "cmake --help-policy CMP0115" for policy details.  Use the cmake_policy
  command to set the policy and suppress this warning.

  File:

    /home/chotu/ros2_ws/src/ENPM_808X_FINAL/ENPM_808X_FINAL/test/controller_test.cpp
Call Stack (most recent call first):
  /opt/ros/humble/share/ament_cmake_gtest/cmake/ament_add_gtest_executable.cmake:37 (_ament_add_gtest_executable)
  /opt/ros/humble/share/ament_cmake_gtest/cmake/ament_add_gtest.cmake:68 (ament_add_gtest_executable)
  CMakeLists.txt:80 (ament_add_gtest)
This warning is for project developers.  Use -Wno-dev to suppress it.
[0m
-- Generating done
-- Build files have been written to: /home/chotu/ros2_ws/src/ENPM_808X_FINAL/build/tb3
[35m[1mConsolidate compiler generated dependencies of target gtest_main[0m
[35m[1mConsolidate compiler generated dependencies of target tb3__rosidl_generator_c[0m
[35m[1mConsolidate compiler generated dependencies of target gtest[0m
[35m[1mConsolidate compiler generated dependencies of target turtlebot_sim[0m
[  2%] Built target tb3__cpp
[ 10%] Built target tb3__rosidl_generator_c
[ 18%] Built target gtest_main
[ 18%] Built target gtest
[ 20%] Built target ament_cmake_python_copy_tb3
[ 22%] Built target turtlebot_sim
[35m[1mConsolidate compiler generated dependencies of target tb3__rosidl_typesupport_c[0m
[35m[1mConsolidate compiler generated dependencies of target tb3__rosidl_typesupport_introspection_c[0m
[35m[1mConsolidate compiler generated dependencies of target tb3__rosidl_typesupport_cpp[0m
[35m[1mConsolidate compiler generated dependencies of target tb3__rosidl_typesupport_fastrtps_cpp[0m
[35m[1mConsolidate compiler generated dependencies of target tb3__rosidl_typesupport_introspection_cpp[0m
[35m[1mConsolidate compiler generated dependencies of target tb3__rosidl_typesupport_fastrtps_c[0m
[35m[1mConsolidate compiler generated dependencies of target tb3_test[0m
[ 30%] Built target tb3__rosidl_typesupport_c
[ 38%] Built target tb3__rosidl_typesupport_introspection_c
[ 46%] Built target tb3__rosidl_typesupport_cpp
[ 54%] Built target tb3__rosidl_typesupport_introspection_cpp
[ 70%] Built target tb3__rosidl_typesupport_fastrtps_cpp
[ 70%] Built target tb3__rosidl_typesupport_fastrtps_c
[35m[1mConsolidate compiler generated dependencies of target tb3G[0m
[ 74%] [32mBuilding CXX object CMakeFiles/tb3_test.dir/test/test.cpp.o[0m
[ 74%] [32mBuilding CXX object CMakeFiles/tb3_test.dir/test/controller_test.cpp.o[0m
[ 74%] Built target tb3
[ 78%] Built target tb3G
[ 80%] Built target tb3__py
[35m[1mConsolidate compiler generated dependencies of target tb3__rosidl_generator_py[0m
[ 86%] Built target tb3__rosidl_generator_py
[35m[1mConsolidate compiler generated dependencies of target tb3__rosidl_typesupport_fastrtps_c__pyext[0m
[35m[1mConsolidate compiler generated dependencies of target tb3__rosidl_typesupport_c__pyext[0m
[35m[1mConsolidate compiler generated dependencies of target tb3__rosidl_typesupport_introspection_c__pyext[0m
[ 98%] Built target tb3__rosidl_typesupport_c__pyext
[ 98%] Built target tb3__rosidl_typesupport_fastrtps_c__pyext
[ 98%] Built target tb3__rosidl_typesupport_introspection_c__pyext
running egg_info
writing tb3.egg-info/PKG-INFO
writing dependency_links to tb3.egg-info/dependency_links.txt
writing top-level names to tb3.egg-info/top_level.txt
reading manifest file 'tb3.egg-info/SOURCES.txt'
writing manifest file 'tb3.egg-info/SOURCES.txt'
[ 98%] Built target ament_cmake_python_build_tb3_egg
In file included from [01m[K/home/chotu/ros2_ws/src/ENPM_808X_FINAL/ENPM_808X_FINAL/test/controller_test.cpp:16[m[K:
[01m[K/home/chotu/ros2_ws/src/ENPM_808X_FINAL/ENPM_808X_FINAL/test/../include/tb3/tb3controller.hpp:[m[K In constructor â€˜[01m[Ktb3::tb3(std::string, std::string, bool, double, double, bool)[m[Kâ€™:
[01m[K/home/chotu/ros2_ws/src/ENPM_808X_FINAL/ENPM_808X_FINAL/test/../include/tb3/tb3controller.hpp:133:17:[m[K [01;35m[Kwarning: [m[Kâ€˜[01m[Ktb3::m_robot_name[m[Kâ€™ will be initialized after [[01;35m[K]8;;https://gcc.gnu.org/onlinedocs/gcc/Warning-Options.html#index-Wreorder-Wreorder]8;;[m[K]
  133 |     std::string [01;35m[Km_robot_name[m[K;
      |                 [01;35m[K^~~~~~~~~~~~[m[K
[01m[K/home/chotu/ros2_ws/src/ENPM_808X_FINAL/ENPM_808X_FINAL/test/../include/tb3/tb3controller.hpp:131:12:[m[K [01;35m[Kwarning: [m[K  â€˜[01m[Kdouble tb3::m_goal_x[m[Kâ€™ [[01;35m[K]8;;https://gcc.gnu.org/onlinedocs/gcc/Warning-Options.html#index-Wreorder-Wreorder]8;;[m[K]
  131 |     double [01;35m[Km_goal_x[m[K = 5.0;
      |            [01;35m[K^~~~~~~~[m[K
In file included from [01m[K/home/chotu/ros2_ws/src/ENPM_808X_FINAL/ENPM_808X_FINAL/test/controller_test.cpp:16[m[K:
[01m[K/home/chotu/ros2_ws/src/ENPM_808X_FINAL/ENPM_808X_FINAL/test/../include/tb3/tb3controller.hpp:49:3:[m[K [01;35m[Kwarning: [m[K  when initialized here [[01;35m[K]8;;https://gcc.gnu.org/onlinedocs/gcc/Warning-Options.html#index-Wreorder-Wreorder]8;;[m[K]
   49 |   [01;35m[Ktb3[m[K(std::string node_name = "tb3",
      |   [01;35m[K^~~[m[K
In file included from [01m[K/home/chotu/ros2_ws/src/ENPM_808X_FINAL/ENPM_808X_FINAL/test/controller_test.cpp:16[m[K:
[01m[K/home/chotu/ros2_ws/src/ENPM_808X_FINAL/ENPM_808X_FINAL/test/../include/tb3/tb3controller.hpp:146:10:[m[K [01;35m[Kwarning: [m[Kâ€˜[01m[Ktb3::m_go_to_goal[m[Kâ€™ will be initialized after [[01;35m[K]8;;https://gcc.gnu.org/onlinedocs/gcc/Warning-Options.html#index-Wreorder-Wreorder]8;;[m[K]
  146 |     bool [01;35m[Km_go_to_goal[m[K;
      |          [01;35m[K^~~~~~~~~~~~[m[K
[01m[K/home/chotu/ros2_ws/src/ENPM_808X_FINAL/ENPM_808X_FINAL/test/../include/tb3/tb3controller.hpp:134:12:[m[K [01;35m[Kwarning: [m[K  â€˜[01m[Kdouble tb3::m_linear_speed[m[Kâ€™ [[01;35m[K]8;;https://gcc.gnu.org/onlinedocs/gcc/Warning-Options.html#index-Wreorder-Wreorder]8;;[m[K]
  134 |     double [01;35m[Km_linear_speed[m[K;
      |            [01;35m[K^~~~~~~~~~~~~~[m[K
In file included from [01m[K/home/chotu/ros2_ws/src/ENPM_808X_FINAL/ENPM_808X_FINAL/test/controller_test.cpp:16[m[K:
[01m[K/home/chotu/ros2_ws/src/ENPM_808X_FINAL/ENPM_808X_FINAL/test/../include/tb3/tb3controller.hpp:49:3:[m[K [01;35m[Kwarning: [m[K  when initialized here [[01;35m[K]8;;https://gcc.gnu.org/onlinedocs/gcc/Warning-Options.html#index-Wreorder-Wreorder]8;;[m[K]
   49 |   [01;35m[Ktb3[m[K(std::string node_name = "tb3",
      |   [01;35m[K^~~[m[K
In file included from [01m[K/home/chotu/ros2_ws/src/ENPM_808X_FINAL/ENPM_808X_FINAL/test/controller_test.cpp:16[m[K:
[01m[K/home/chotu/ros2_ws/src/ENPM_808X_FINAL/ENPM_808X_FINAL/test/../include/tb3/tb3controller.hpp:147:10:[m[K [01;35m[Kwarning: [m[Kâ€˜[01m[Ktb3::m_go_to_angle[m[Kâ€™ will be initialized after [[01;35m[K]8;;https://gcc.gnu.org/onlinedocs/gcc/Warning-Options.html#index-Wreorder-Wreorder]8;;[m[K]
  147 |     bool [01;35m[Km_go_to_angle[m[K;
      |          [01;35m[K^~~~~~~~~~~~~[m[K
[01m[K/home/chotu/ros2_ws/src/ENPM_808X_FINAL/ENPM_808X_FINAL/test/../include/tb3/tb3controller.hpp:141:12:[m[K [01;35m[Kwarning: [m[K  â€˜[01m[Kdouble tb3::m_distance_to_goal[m[Kâ€™ [[01;35m[K]8;;https://gcc.gnu.org/onlinedocs/gcc/Warning-Options.html#index-Wreorder-Wreorder]8;;[m[K]
  141 |     double [01;35m[Km_distance_to_goal[m[K;
      |            [01;35m[K^~~~~~~~~~~~~~~~~~[m[K
In file included from [01m[K/home/chotu/ros2_ws/src/ENPM_808X_FINAL/ENPM_808X_FINAL/test/controller_test.cpp:16[m[K:
[01m[K/home/chotu/ros2_ws/src/ENPM_808X_FINAL/ENPM_808X_FINAL/test/../include/tb3/tb3controller.hpp:49:3:[m[K [01;35m[Kwarning: [m[K  when initialized here [[01;35m[K]8;;https://gcc.gnu.org/onlinedocs/gcc/Warning-Options.html#index-Wreorder-Wreorder]8;;[m[K]
   49 |   [01;35m[Ktb3[m[K(std::string node_name = "tb3",
      |   [01;35m[K^~~[m[K
[01m[K/home/chotu/ros2_ws/src/ENPM_808X_FINAL/ENPM_808X_FINAL/test/../include/tb3/tb3controller.hpp:81:14:[m[K [01;35m[Kwarning: [m[Kunused variable â€˜[01m[Kpose_topic_name[m[Kâ€™ [[01;35m[K]8;;https://gcc.gnu.org/onlinedocs/gcc/Warning-Options.html#index-Wunused-variable-Wunused-variable]8;;[m[K]
   81 |         auto [01;35m[Kpose_topic_name[m[K = "/odom";
      |              [01;35m[K^~~~~~~~~~~~~~~[m[K
[100%] [32m[1mLinking CXX executable tb3_test[0m
/usr/bin/ld: CMakeFiles/tb3_test.dir/test/controller_test.cpp.o:(.bss+0x0): multiple definition of `TaskPlanningFixture_TrueIsTrueTest_Test::test_info_'; CMakeFiles/tb3_test.dir/test/test.cpp.o:(.bss+0x0): first defined here
/usr/bin/ld: CMakeFiles/tb3_test.dir/test/controller_test.cpp.o: in function `TaskPlanningFixture_TrueIsTrueTest_Test::TestBody()':
controller_test.cpp:(.text+0x2c8): multiple definition of `TaskPlanningFixture_TrueIsTrueTest_Test::TestBody()'; CMakeFiles/tb3_test.dir/test/test.cpp.o:test.cpp:(.text+0x2c8): first defined here
/usr/bin/ld: CMakeFiles/tb3_test.dir/test/controller_test.cpp.o: in function `main':
controller_test.cpp:(.text+0x8fa): multiple definition of `main'; CMakeFiles/tb3_test.dir/test/test.cpp.o:test.cpp:(.text+0x8fa): first defined here
collect2: error: ld returned 1 exit status
gmake[2]: *** [CMakeFiles/tb3_test.dir/build.make:239: tb3_test] Error 1
gmake[1]: *** [CMakeFiles/Makefile2:616: CMakeFiles/tb3_test.dir/all] Error 2
gmake: *** [Makefile:146: all] Error 2
