[0.008s] Invoking command in '/home/chotu/ros2_ws/src/ENPM_808X_FINAL/build/tb3': CMAKE_PREFIX_PATH=/home/chotu/ros2_ws/src/ENPM_808X_FINAL/install/tutorial_interfaces:/home/chotu/ros2_ws/src/ENPM_808X_FINAL/install/tb3:/home/chotu/ros2_ws/src/ENPM_808X_FINAL/install/ros2_aruco:/opt/ros/humble LD_LIBRARY_PATH=/home/chotu/ros2_ws/src/ENPM_808X_FINAL/install/tutorial_interfaces/lib:/home/chotu/ros2_ws/src/ENPM_808X_FINAL/install/tb3/lib:/usr/lib/x86_64-linux-gnu/gazebo-11/plugins:/opt/ros/humble/opt/rviz_ogre_vendor/lib:/opt/ros/humble/lib/x86_64-linux-gnu:/opt/ros/humble/lib /usr/bin/cmake --build /home/chotu/ros2_ws/src/ENPM_808X_FINAL/build/tb3 -- -j16 -l16
[0.029s] -- Found ament_cmake: 1.3.3 (/opt/ros/humble/share/ament_cmake/cmake)
[0.122s] -- Found rclcpp: 16.0.2 (/opt/ros/humble/share/rclcpp/cmake)
[0.146s] -- Found rosidl_generator_c: 3.1.4 (/opt/ros/humble/share/rosidl_generator_c/cmake)
[0.148s] -- Found rosidl_adapter: 3.1.4 (/opt/ros/humble/share/rosidl_adapter/cmake)
[0.152s] -- Found rosidl_generator_cpp: 3.1.4 (/opt/ros/humble/share/rosidl_generator_cpp/cmake)
[0.160s] -- Using all available rosidl_typesupport_c: rosidl_typesupport_fastrtps_c;rosidl_typesupport_introspection_c
[0.170s] -- Using all available rosidl_typesupport_cpp: rosidl_typesupport_fastrtps_cpp;rosidl_typesupport_introspection_cpp
[0.214s] -- Found rmw_implementation_cmake: 6.1.1 (/opt/ros/humble/share/rmw_implementation_cmake/cmake)
[0.216s] -- Found rmw_fastrtps_cpp: 6.2.2 (/opt/ros/humble/share/rmw_fastrtps_cpp/cmake)
[0.312s] -- Using RMW implementation 'rmw_fastrtps_cpp' as default
[0.445s] -- Found nav_msgs: 4.2.2 (/opt/ros/humble/share/nav_msgs/cmake)
[0.531s] -- Found tf2: 0.25.1 (/opt/ros/humble/share/tf2/cmake)
[0.537s] -- Found tf2_ros: 0.25.1 (/opt/ros/humble/share/tf2_ros/cmake)
[0.762s] -- Found sensor_msgs: 4.2.2 (/opt/ros/humble/share/sensor_msgs/cmake)
[0.820s] -- Found rosidl_default_generators: 1.2.0 (/opt/ros/humble/share/rosidl_default_generators/cmake)
[0.999s] -- Found ament_cmake_ros: 0.10.0 (/opt/ros/humble/share/ament_cmake_ros/cmake)
[1.228s] -- Using all available rosidl_typesupport_c: rosidl_typesupport_fastrtps_c;rosidl_typesupport_introspection_c
[1.318s] -- Using all available rosidl_typesupport_cpp: rosidl_typesupport_fastrtps_cpp;rosidl_typesupport_introspection_cpp
[1.332s] -- Found python_cmake_module: 0.10.0 (/opt/ros/humble/share/python_cmake_module/cmake)
[1.347s] -- Using PYTHON_EXECUTABLE: /usr/bin/python3
[1.347s] -- Using PYTHON_INCLUDE_DIRS: /usr/include/python3.10
[1.347s] -- Using PYTHON_LIBRARIES: /usr/lib/x86_64-linux-gnu/libpython3.10.so
[1.365s] -- Found ament_lint_auto: 0.12.4 (/opt/ros/humble/share/ament_lint_auto/cmake)
[1.365s] -- Found tutorial_interfaces: 0.0.0 (/home/chotu/ros2_ws/src/ENPM_808X_FINAL/install/tutorial_interfaces/share/tutorial_interfaces/cmake)
[1.420s] -- Found gtest sources under '/opt/ros/humble/src/gtest_vendor': C++ tests using 'Google Test' will be built
[1.431s] -- Added test 'pep257' to check Python code against some of the docstring style conventions in PEP 257
[1.433s] -- Configuring done
[1.437s] [33mCMake Warning (dev) at /opt/ros/humble/share/ament_cmake_gtest/cmake/ament_add_gtest_executable.cmake:50 (add_executable):
[1.437s]   Policy CMP0115 is not set: Source file extensions must be explicit.  Run
[1.437s]   "cmake --help-policy CMP0115" for policy details.  Use the cmake_policy
[1.437s]   command to set the policy and suppress this warning.
[1.437s] 
[1.437s]   File:
[1.437s] 
[1.437s]     /home/chotu/ros2_ws/src/ENPM_808X_FINAL/ENPM_808X_FINAL/test/controller_test.cpp
[1.437s] Call Stack (most recent call first):
[1.437s]   /opt/ros/humble/share/ament_cmake_gtest/cmake/ament_add_gtest_executable.cmake:37 (_ament_add_gtest_executable)
[1.437s]   /opt/ros/humble/share/ament_cmake_gtest/cmake/ament_add_gtest.cmake:68 (ament_add_gtest_executable)
[1.437s]   CMakeLists.txt:80 (ament_add_gtest)
[1.437s] This warning is for project developers.  Use -Wno-dev to suppress it.
[1.438s] [0m
[1.473s] -- Generating done
[1.476s] -- Build files have been written to: /home/chotu/ros2_ws/src/ENPM_808X_FINAL/build/tb3
[1.497s] [35m[1mConsolidate compiler generated dependencies of target gtest_main[0m
[1.497s] [35m[1mConsolidate compiler generated dependencies of target tb3__rosidl_generator_c[0m
[1.497s] [35m[1mConsolidate compiler generated dependencies of target gtest[0m
[1.497s] [35m[1mConsolidate compiler generated dependencies of target turtlebot_sim[0m
[1.503s] [  2%] Built target tb3__cpp
[1.503s] [ 10%] Built target tb3__rosidl_generator_c
[1.506s] [ 18%] Built target gtest_main
[1.506s] [ 18%] Built target gtest
[1.510s] [ 20%] Built target ament_cmake_python_copy_tb3
[1.511s] [ 22%] Built target turtlebot_sim
[1.511s] [35m[1mConsolidate compiler generated dependencies of target tb3__rosidl_typesupport_c[0m
[1.511s] [35m[1mConsolidate compiler generated dependencies of target tb3__rosidl_typesupport_introspection_c[0m
[1.511s] [35m[1mConsolidate compiler generated dependencies of target tb3__rosidl_typesupport_cpp[0m
[1.511s] [35m[1mConsolidate compiler generated dependencies of target tb3__rosidl_typesupport_fastrtps_cpp[0m
[1.511s] [35m[1mConsolidate compiler generated dependencies of target tb3__rosidl_typesupport_introspection_cpp[0m
[1.511s] [35m[1mConsolidate compiler generated dependencies of target tb3__rosidl_typesupport_fastrtps_c[0m
[1.514s] [35m[1mConsolidate compiler generated dependencies of target tb3_test[0m
[1.518s] [ 30%] Built target tb3__rosidl_typesupport_c
[1.519s] [ 38%] Built target tb3__rosidl_typesupport_introspection_c
[1.520s] [ 46%] Built target tb3__rosidl_typesupport_cpp
[1.520s] [ 54%] Built target tb3__rosidl_typesupport_introspection_cpp
[1.520s] [ 70%] Built target tb3__rosidl_typesupport_fastrtps_cpp
[1.520s] [ 70%] Built target tb3__rosidl_typesupport_fastrtps_c
[1.527s] [35m[1mConsolidate compiler generated dependencies of target tb3G[0m
[1.527s] [ 74%] [32mBuilding CXX object CMakeFiles/tb3_test.dir/test/test.cpp.o[0m
[1.527s] [ 74%] [32mBuilding CXX object CMakeFiles/tb3_test.dir/test/controller_test.cpp.o[0m
[1.533s] [ 74%] Built target tb3
[1.540s] [ 78%] Built target tb3G
[1.545s] [ 80%] Built target tb3__py
[1.551s] [35m[1mConsolidate compiler generated dependencies of target tb3__rosidl_generator_py[0m
[1.562s] [ 86%] Built target tb3__rosidl_generator_py
[1.569s] [35m[1mConsolidate compiler generated dependencies of target tb3__rosidl_typesupport_fastrtps_c__pyext[0m
[1.569s] [35m[1mConsolidate compiler generated dependencies of target tb3__rosidl_typesupport_c__pyext[0m
[1.569s] [35m[1mConsolidate compiler generated dependencies of target tb3__rosidl_typesupport_introspection_c__pyext[0m
[1.577s] [ 98%] Built target tb3__rosidl_typesupport_c__pyext
[1.578s] [ 98%] Built target tb3__rosidl_typesupport_fastrtps_c__pyext
[1.578s] [ 98%] Built target tb3__rosidl_typesupport_introspection_c__pyext
[1.665s] running egg_info
[1.666s] writing tb3.egg-info/PKG-INFO
[1.666s] writing dependency_links to tb3.egg-info/dependency_links.txt
[1.666s] writing top-level names to tb3.egg-info/top_level.txt
[1.668s] reading manifest file 'tb3.egg-info/SOURCES.txt'
[1.668s] writing manifest file 'tb3.egg-info/SOURCES.txt'
[1.691s] [ 98%] Built target ament_cmake_python_build_tb3_egg
[3.594s] In file included from [01m[K/home/chotu/ros2_ws/src/ENPM_808X_FINAL/ENPM_808X_FINAL/test/controller_test.cpp:16[m[K:
[3.595s] [01m[K/home/chotu/ros2_ws/src/ENPM_808X_FINAL/ENPM_808X_FINAL/test/../include/tb3/tb3controller.hpp:[m[K In constructor â€˜[01m[Ktb3::tb3(std::string, std::string, bool, double, double, bool)[m[Kâ€™:
[3.595s] [01m[K/home/chotu/ros2_ws/src/ENPM_808X_FINAL/ENPM_808X_FINAL/test/../include/tb3/tb3controller.hpp:133:17:[m[K [01;35m[Kwarning: [m[Kâ€˜[01m[Ktb3::m_robot_name[m[Kâ€™ will be initialized after [[01;35m[K]8;;https://gcc.gnu.org/onlinedocs/gcc/Warning-Options.html#index-Wreorder-Wreorder]8;;[m[K]
[3.595s]   133 |     std::string [01;35m[Km_robot_name[m[K;
[3.595s]       |                 [01;35m[K^~~~~~~~~~~~[m[K
[3.595s] [01m[K/home/chotu/ros2_ws/src/ENPM_808X_FINAL/ENPM_808X_FINAL/test/../include/tb3/tb3controller.hpp:131:12:[m[K [01;35m[Kwarning: [m[K  â€˜[01m[Kdouble tb3::m_goal_x[m[Kâ€™ [[01;35m[K]8;;https://gcc.gnu.org/onlinedocs/gcc/Warning-Options.html#index-Wreorder-Wreorder]8;;[m[K]
[3.595s]   131 |     double [01;35m[Km_goal_x[m[K = 5.0;
[3.595s]       |            [01;35m[K^~~~~~~~[m[K
[3.595s] In file included from [01m[K/home/chotu/ros2_ws/src/ENPM_808X_FINAL/ENPM_808X_FINAL/test/controller_test.cpp:16[m[K:
[3.595s] [01m[K/home/chotu/ros2_ws/src/ENPM_808X_FINAL/ENPM_808X_FINAL/test/../include/tb3/tb3controller.hpp:49:3:[m[K [01;35m[Kwarning: [m[K  when initialized here [[01;35m[K]8;;https://gcc.gnu.org/onlinedocs/gcc/Warning-Options.html#index-Wreorder-Wreorder]8;;[m[K]
[3.595s]    49 |   [01;35m[Ktb3[m[K(std::string node_name = "tb3",
[3.595s]       |   [01;35m[K^~~[m[K
[3.595s] In file included from [01m[K/home/chotu/ros2_ws/src/ENPM_808X_FINAL/ENPM_808X_FINAL/test/controller_test.cpp:16[m[K:
[3.595s] [01m[K/home/chotu/ros2_ws/src/ENPM_808X_FINAL/ENPM_808X_FINAL/test/../include/tb3/tb3controller.hpp:146:10:[m[K [01;35m[Kwarning: [m[Kâ€˜[01m[Ktb3::m_go_to_goal[m[Kâ€™ will be initialized after [[01;35m[K]8;;https://gcc.gnu.org/onlinedocs/gcc/Warning-Options.html#index-Wreorder-Wreorder]8;;[m[K]
[3.595s]   146 |     bool [01;35m[Km_go_to_goal[m[K;
[3.595s]       |          [01;35m[K^~~~~~~~~~~~[m[K
[3.595s] [01m[K/home/chotu/ros2_ws/src/ENPM_808X_FINAL/ENPM_808X_FINAL/test/../include/tb3/tb3controller.hpp:134:12:[m[K [01;35m[Kwarning: [m[K  â€˜[01m[Kdouble tb3::m_linear_speed[m[Kâ€™ [[01;35m[K]8;;https://gcc.gnu.org/onlinedocs/gcc/Warning-Options.html#index-Wreorder-Wreorder]8;;[m[K]
[3.595s]   134 |     double [01;35m[Km_linear_speed[m[K;
[3.595s]       |            [01;35m[K^~~~~~~~~~~~~~[m[K
[3.595s] In file included from [01m[K/home/chotu/ros2_ws/src/ENPM_808X_FINAL/ENPM_808X_FINAL/test/controller_test.cpp:16[m[K:
[3.596s] [01m[K/home/chotu/ros2_ws/src/ENPM_808X_FINAL/ENPM_808X_FINAL/test/../include/tb3/tb3controller.hpp:49:3:[m[K [01;35m[Kwarning: [m[K  when initialized here [[01;35m[K]8;;https://gcc.gnu.org/onlinedocs/gcc/Warning-Options.html#index-Wreorder-Wreorder]8;;[m[K]
[3.596s]    49 |   [01;35m[Ktb3[m[K(std::string node_name = "tb3",
[3.596s]       |   [01;35m[K^~~[m[K
[3.596s] In file included from [01m[K/home/chotu/ros2_ws/src/ENPM_808X_FINAL/ENPM_808X_FINAL/test/controller_test.cpp:16[m[K:
[3.596s] [01m[K/home/chotu/ros2_ws/src/ENPM_808X_FINAL/ENPM_808X_FINAL/test/../include/tb3/tb3controller.hpp:147:10:[m[K [01;35m[Kwarning: [m[Kâ€˜[01m[Ktb3::m_go_to_angle[m[Kâ€™ will be initialized after [[01;35m[K]8;;https://gcc.gnu.org/onlinedocs/gcc/Warning-Options.html#index-Wreorder-Wreorder]8;;[m[K]
[3.596s]   147 |     bool [01;35m[Km_go_to_angle[m[K;
[3.596s]       |          [01;35m[K^~~~~~~~~~~~~[m[K
[3.596s] [01m[K/home/chotu/ros2_ws/src/ENPM_808X_FINAL/ENPM_808X_FINAL/test/../include/tb3/tb3controller.hpp:141:12:[m[K [01;35m[Kwarning: [m[K  â€˜[01m[Kdouble tb3::m_distance_to_goal[m[Kâ€™ [[01;35m[K]8;;https://gcc.gnu.org/onlinedocs/gcc/Warning-Options.html#index-Wreorder-Wreorder]8;;[m[K]
[3.596s]   141 |     double [01;35m[Km_distance_to_goal[m[K;
[3.596s]       |            [01;35m[K^~~~~~~~~~~~~~~~~~[m[K
[3.596s] In file included from [01m[K/home/chotu/ros2_ws/src/ENPM_808X_FINAL/ENPM_808X_FINAL/test/controller_test.cpp:16[m[K:
[3.596s] [01m[K/home/chotu/ros2_ws/src/ENPM_808X_FINAL/ENPM_808X_FINAL/test/../include/tb3/tb3controller.hpp:49:3:[m[K [01;35m[Kwarning: [m[K  when initialized here [[01;35m[K]8;;https://gcc.gnu.org/onlinedocs/gcc/Warning-Options.html#index-Wreorder-Wreorder]8;;[m[K]
[3.596s]    49 |   [01;35m[Ktb3[m[K(std::string node_name = "tb3",
[3.596s]       |   [01;35m[K^~~[m[K
[3.609s] [01m[K/home/chotu/ros2_ws/src/ENPM_808X_FINAL/ENPM_808X_FINAL/test/../include/tb3/tb3controller.hpp:81:14:[m[K [01;35m[Kwarning: [m[Kunused variable â€˜[01m[Kpose_topic_name[m[Kâ€™ [[01;35m[K]8;;https://gcc.gnu.org/onlinedocs/gcc/Warning-Options.html#index-Wunused-variable-Wunused-variable]8;;[m[K]
[3.609s]    81 |         auto [01;35m[Kpose_topic_name[m[K = "/odom";
[3.609s]       |              [01;35m[K^~~~~~~~~~~~~~~[m[K
[8.941s] [100%] [32m[1mLinking CXX executable tb3_test[0m
[8.991s] /usr/bin/ld: CMakeFiles/tb3_test.dir/test/controller_test.cpp.o:(.bss+0x0): multiple definition of `TaskPlanningFixture_TrueIsTrueTest_Test::test_info_'; CMakeFiles/tb3_test.dir/test/test.cpp.o:(.bss+0x0): first defined here
[8.992s] /usr/bin/ld: CMakeFiles/tb3_test.dir/test/controller_test.cpp.o: in function `TaskPlanningFixture_TrueIsTrueTest_Test::TestBody()':
[8.993s] controller_test.cpp:(.text+0x2c8): multiple definition of `TaskPlanningFixture_TrueIsTrueTest_Test::TestBody()'; CMakeFiles/tb3_test.dir/test/test.cpp.o:test.cpp:(.text+0x2c8): first defined here
[8.993s] /usr/bin/ld: CMakeFiles/tb3_test.dir/test/controller_test.cpp.o: in function `main':
[8.993s] controller_test.cpp:(.text+0x8fa): multiple definition of `main'; CMakeFiles/tb3_test.dir/test/test.cpp.o:test.cpp:(.text+0x8fa): first defined here
[9.334s] collect2: error: ld returned 1 exit status
[9.334s] gmake[2]: *** [CMakeFiles/tb3_test.dir/build.make:239: tb3_test] Error 1
[9.335s] gmake[1]: *** [CMakeFiles/Makefile2:616: CMakeFiles/tb3_test.dir/all] Error 2
[9.335s] gmake: *** [Makefile:146: all] Error 2
[9.336s] Invoked command in '/home/chotu/ros2_ws/src/ENPM_808X_FINAL/build/tb3' returned '2': CMAKE_PREFIX_PATH=/home/chotu/ros2_ws/src/ENPM_808X_FINAL/install/tutorial_interfaces:/home/chotu/ros2_ws/src/ENPM_808X_FINAL/install/tb3:/home/chotu/ros2_ws/src/ENPM_808X_FINAL/install/ros2_aruco:/opt/ros/humble LD_LIBRARY_PATH=/home/chotu/ros2_ws/src/ENPM_808X_FINAL/install/tutorial_interfaces/lib:/home/chotu/ros2_ws/src/ENPM_808X_FINAL/install/tb3/lib:/usr/lib/x86_64-linux-gnu/gazebo-11/plugins:/opt/ros/humble/opt/rviz_ogre_vendor/lib:/opt/ros/humble/lib/x86_64-linux-gnu:/opt/ros/humble/lib /usr/bin/cmake --build /home/chotu/ros2_ws/src/ENPM_808X_FINAL/build/tb3 -- -j16 -l16
